<?xml version="1.0" encoding="UTF-8"?>
<testsuite xmlns:xsi="http://www.w3.org/2001/XMLSchema-instance" xsi:noNamespaceSchemaLocation="https://maven.apache.org/surefire/maven-surefire-plugin/xsd/surefire-test-report-3.0.xsd" version="3.0" name="com.vlad.springUrfuApp.service.ItemServiceTest" time="5.654" tests="1" errors="0" skipped="0" failures="0">
  <properties>
[...]
</properties>
  <testcase name="newItemTest" classname="com.vlad.springUrfuApp.service.ItemServiceTest" time="0.748">
    <system-out><![CDATA[20:47:34.322 [main] INFO org.springframework.test.context.support.AnnotationConfigContextLoaderUtils -- Could not detect default configuration classes for test class [com.vlad.springUrfuApp.service.ItemServiceTest]: ItemServiceTest does not declare any static, non-private, non-final, nested classes annotated with @Configuration.
20:47:34.448 [main] INFO org.springframework.boot.test.context.SpringBootTestContextBootstrapper -- Found @SpringBootConfiguration com.vlad.springUrfuApp.SpringUrfuAppApplication for test class com.vlad.springUrfuApp.service.ItemServiceTest
20:47:34.634 [main] INFO org.springframework.boot.devtools.restart.RestartApplicationListener -- Restart disabled due to context in which it is running
  .   ____          _            __ _ _
 /\\ / ___'_ __ _ _(_)_ __  __ _ \ \ \ \
( ( )\___ | '_ | '_| | '_ \/ _` | \ \ \ \
 \\/  ___)| |_)| | | | | || (_| |  ) ) ) )
  '  |____| .__|_| |_|_| |_\__, | / / / /
 =========|_|==============|___/=/_/_/_/

 :: Spring Boot ::       (v3.3.0-SNAPSHOT)

2024-03-18T20:47:35.006+05:00  INFO 4444 --- [           main] c.v.s.service.ItemServiceTest            : Starting ItemServiceTest using Java 21.0.2 with PID 4444 (started by vlad in C:\Users\vlad\maven_projects\repo\spring2024\springUrfuApp)
2024-03-18T20:47:35.007+05:00  INFO 4444 --- [           main] c.v.s.service.ItemServiceTest            : The following 1 profile is active: "dev"
2024-03-18T20:47:35.780+05:00  INFO 4444 --- [           main] .s.d.r.c.RepositoryConfigurationDelegate : Bootstrapping Spring Data JPA repositories in DEFAULT mode.
2024-03-18T20:47:35.839+05:00  INFO 4444 --- [           main] .s.d.r.c.RepositoryConfigurationDelegate : Finished Spring Data repository scanning in 47 ms. Found 1 JPA repository interface.
2024-03-18T20:47:36.308+05:00  INFO 4444 --- [           main] com.zaxxer.hikari.HikariDataSource       : HikariPool-1 - Starting...
2024-03-18T20:47:36.773+05:00  INFO 4444 --- [           main] com.zaxxer.hikari.pool.HikariPool        : HikariPool-1 - Added connection conn0: url=jdbc:h2:mem:testdb user=SA
2024-03-18T20:47:36.774+05:00  INFO 4444 --- [           main] com.zaxxer.hikari.HikariDataSource       : HikariPool-1 - Start completed.
2024-03-18T20:47:36.855+05:00  INFO 4444 --- [           main] o.hibernate.jpa.internal.util.LogHelper  : HHH000204: Processing PersistenceUnitInfo [name: default]
2024-03-18T20:47:36.943+05:00  INFO 4444 --- [           main] org.hibernate.Version                    : HHH000412: Hibernate ORM core version 6.4.4.Final
2024-03-18T20:47:36.989+05:00  INFO 4444 --- [           main] o.h.c.internal.RegionFactoryInitiator    : HHH000026: Second-level cache disabled
2024-03-18T20:47:37.288+05:00  INFO 4444 --- [           main] o.s.o.j.p.SpringPersistenceUnitInfo      : No LoadTimeWeaver setup: ignoring JPA class transformer
2024-03-18T20:47:38.251+05:00  INFO 4444 --- [           main] o.h.e.t.j.p.i.JtaPlatformInitiator       : HHH000489: No JTA platform available (set 'hibernate.transaction.jta.platform' to enable JTA platform integration)
Hibernate: drop table if exists item cascade 
Hibernate: create table item (admin_confirm boolean default false not null, main_manager_confirm boolean default false not null, amount bigint, id bigint generated by default as identity, income_price bigint, max_price bigint, name varchar(255) not null, primary key (id))
2024-03-18T20:47:38.291+05:00  INFO 4444 --- [           main] j.LocalContainerEntityManagerFactoryBean : Initialized JPA EntityManagerFactory for persistence unit 'default'
2024-03-18T20:47:38.707+05:00  WARN 4444 --- [           main] JpaBaseConfiguration$JpaWebConfiguration : spring.jpa.open-in-view is enabled by default. Therefore, database queries may be performed during view rendering. Explicitly configure spring.jpa.open-in-view to disable this warning
2024-03-18T20:47:38.733+05:00  INFO 4444 --- [           main] o.s.b.a.w.s.WelcomePageHandlerMapping    : Adding welcome page: class path resource [static/index.html]
2024-03-18T20:47:39.049+05:00  INFO 4444 --- [           main] o.s.b.a.h2.H2ConsoleAutoConfiguration    : H2 console available at '/h2-ui'. Database available at 'jdbc:h2:mem:testdb'
2024-03-18T20:47:39.107+05:00  INFO 4444 --- [           main] c.v.s.service.ItemServiceTest            : Started ItemServiceTest in 4.488 seconds (process running for 8.026)
2024-03-18T20:47:39.621+05:00  INFO 4444 --- [           main] c.v.springUrfuApp.service.ItemService    : Item entity ItemEntity(id=null, name=admin, maxPrice=1000, incomePrice=100, amount=2, mainManagerConfirm=true, adminConfirm=true)
Hibernate: insert into item (admin_confirm,amount,income_price,main_manager_confirm,max_price,name,id) values (?,?,?,?,?,?,default)
Hibernate: select ie1_0.id,ie1_0.admin_confirm,ie1_0.amount,ie1_0.income_price,ie1_0.main_manager_confirm,ie1_0.max_price,ie1_0.name from item ie1_0
2024-03-18T20:47:39.820+05:00  INFO 4444 --- [           main] c.v.springUrfuApp.service.ItemService    : Item entity 0 ItemEntity(id=1, name=admin, maxPrice=1000, incomePrice=100, amount=2, mainManagerConfirm=true, adminConfirm=true)
2024-03-18T20:47:39.820+05:00  INFO 4444 --- [           main] c.v.springUrfuApp.service.ItemService    : Item DTO 0 ItemDTO(name=admin, price=1000, amount=2)
]]></system-out>
    <system-err><![CDATA[WARNING: A Java agent has been loaded dynamically (C:\Users\vlad\.m2\repository\net\bytebuddy\byte-buddy-agent\1.14.12\byte-buddy-agent-1.14.12.jar)
WARNING: If a serviceability tool is in use, please run with -XX:+EnableDynamicAgentLoading to hide this warning
WARNING: If a serviceability tool is not in use, please run with -Djdk.instrument.traceUsage for more information
WARNING: Dynamic loading of agents will be disallowed by default in a future release
]]></system-err>
  </testcase>
</testsuite>