<?xml version="1.0" encoding="UTF-8"?>
<testsuite xmlns:xsi="http://www.w3.org/2001/XMLSchema-instance" xsi:noNamespaceSchemaLocation="https://maven.apache.org/surefire/maven-surefire-plugin/xsd/surefire-test-report-3.0.xsd" version="3.0" name="com.vlad.springUrfuApp.SpringUrfuAppApplicationTests" time="0.099" tests="1" errors="0" skipped="0" failures="0">
  <properties>
[...]
</properties>
  <testcase name="contextLoads" classname="com.vlad.springUrfuApp.SpringUrfuAppApplicationTests" time="0.005">
    <system-out><![CDATA[2024-03-25T23:41:37.029+05:00  INFO 4316 --- [           main] t.c.s.AnnotationConfigContextLoaderUtils : Could not detect default configuration classes for test class [com.vlad.springUrfuApp.SpringUrfuAppApplicationTests]: SpringUrfuAppApplicationTests does not declare any static, non-private, non-final, nested classes annotated with @Configuration.
2024-03-25T23:41:37.093+05:00  INFO 4316 --- [           main] .b.t.c.SpringBootTestContextBootstrapper : Found @SpringBootConfiguration com.vlad.springUrfuApp.SpringUrfuAppApplication for test class com.vlad.springUrfuApp.SpringUrfuAppApplicationTests
]]></system-out>
  </testcase>
</testsuite>